TpTrace Verbose: 0 : 18188, 1, 2021/03/05, 08:54:36.963, 26062686419, vstest.console.dll, Version: 16.8.3
TpTrace Information: 0 : 18188, 1, 2021/03/05, 08:54:36.976, 26062789285, vstest.console.dll, FilePatternParser: The given file D:\Projects\LMPS\Operation\ONCF\Pipelines\Gitlab\dotnetCore\ThemeParkCore\ThemePark.Tests\bin\Debug\netcoreapp3.1\fine-code-coverage\build-output\ThemePark.Tests.dll is a full path.
TpTrace Verbose: 0 : 18188, 1, 2021/03/05, 08:54:36.990, 26062933442, vstest.console.dll, TestPluginCache.DiscoverTestExtensions: finding test extensions in assemblies ends with: RuntimeProvider.dll TPluginInfo: Microsoft.VisualStudio.TestPlatform.Common.ExtensionFramework.Utilities.TestRuntimePluginInformation TExtension: Microsoft.VisualStudio.TestPlatform.ObjectModel.Host.ITestRuntimeProvider
TpTrace Verbose: 0 : 18188, 1, 2021/03/05, 08:54:36.991, 26062939120, vstest.console.dll, TestPluginCache.GetExtensionPaths: Filtered extension paths: 
TpTrace Verbose: 0 : 18188, 1, 2021/03/05, 08:54:36.991, 26062941328, vstest.console.dll, TestPluginCache.GetExtensionPaths: Added default extension paths: C:\Program Files\dotnet\sdk\5.0.103\Extensions\Microsoft.Diagnostics.NETCore.Client.dll
C:\Program Files\dotnet\sdk\5.0.103\Extensions\Microsoft.TestPlatform.Extensions.BlameDataCollector.dll
C:\Program Files\dotnet\sdk\5.0.103\Extensions\Microsoft.TestPlatform.Extensions.EventLogCollector.dll
C:\Program Files\dotnet\sdk\5.0.103\Extensions\Microsoft.TestPlatform.TestHostRuntimeProvider.dll
C:\Program Files\dotnet\sdk\5.0.103\Extensions\Microsoft.VisualStudio.TestPlatform.Extensions.Html.TestLogger.dll
C:\Program Files\dotnet\sdk\5.0.103\Extensions\Microsoft.VisualStudio.TestPlatform.Extensions.Trx.TestLogger.dll
TpTrace Verbose: 0 : 18188, 1, 2021/03/05, 08:54:36.991, 26062943064, vstest.console.dll, TestPluginCache.GetExtensionPaths: Added unfilterableExtensionPaths: 
TpTrace Information: 0 : 18188, 1, 2021/03/05, 08:54:36.993, 26062957031, vstest.console.dll, AssemblyResolver.ctor: Creating AssemblyResolver with searchDirectories C:\Program Files\dotnet\sdk\5.0.103\Extensions,C:\Program Files\dotnet\sdk\5.0.103
TpTrace Verbose: 0 : 18188, 1, 2021/03/05, 08:54:36.994, 26062974490, vstest.console.dll, TestPluginCache.DiscoverTestExtensions: Discovering the extensions using extension path.
TpTrace Verbose: 0 : 18188, 1, 2021/03/05, 08:54:36.995, 26062976349, vstest.console.dll, TestPluginCache.GetExtensionPaths: Filtered extension paths: 
TpTrace Verbose: 0 : 18188, 1, 2021/03/05, 08:54:36.995, 26062977407, vstest.console.dll, TestPluginCache.GetExtensionPaths: Added default extension paths: C:\Program Files\dotnet\sdk\5.0.103\Extensions\Microsoft.Diagnostics.NETCore.Client.dll
C:\Program Files\dotnet\sdk\5.0.103\Extensions\Microsoft.TestPlatform.Extensions.BlameDataCollector.dll
C:\Program Files\dotnet\sdk\5.0.103\Extensions\Microsoft.TestPlatform.Extensions.EventLogCollector.dll
C:\Program Files\dotnet\sdk\5.0.103\Extensions\Microsoft.TestPlatform.TestHostRuntimeProvider.dll
C:\Program Files\dotnet\sdk\5.0.103\Extensions\Microsoft.VisualStudio.TestPlatform.Extensions.Html.TestLogger.dll
C:\Program Files\dotnet\sdk\5.0.103\Extensions\Microsoft.VisualStudio.TestPlatform.Extensions.Trx.TestLogger.dll
TpTrace Verbose: 0 : 18188, 1, 2021/03/05, 08:54:36.995, 26062978882, vstest.console.dll, TestPluginCache.GetExtensionPaths: Added unfilterableExtensionPaths: 
TpTrace Verbose: 0 : 18188, 1, 2021/03/05, 08:54:36.995, 26062980130, vstest.console.dll, TestPluginCache.DiscoverTestExtensions: Discovering the extensions using allExtensionPaths: C:\Program Files\dotnet\sdk\5.0.103\Extensions\Microsoft.Diagnostics.NETCore.Client.dll
C:\Program Files\dotnet\sdk\5.0.103\Extensions\Microsoft.TestPlatform.Extensions.BlameDataCollector.dll
C:\Program Files\dotnet\sdk\5.0.103\Extensions\Microsoft.TestPlatform.Extensions.EventLogCollector.dll
C:\Program Files\dotnet\sdk\5.0.103\Extensions\Microsoft.TestPlatform.TestHostRuntimeProvider.dll
C:\Program Files\dotnet\sdk\5.0.103\Extensions\Microsoft.VisualStudio.TestPlatform.Extensions.Html.TestLogger.dll
C:\Program Files\dotnet\sdk\5.0.103\Extensions\Microsoft.VisualStudio.TestPlatform.Extensions.Trx.TestLogger.dll
TpTrace Information: 0 : 18188, 1, 2021/03/05, 08:54:36.995, 26062982193, vstest.console.dll, AssemblyResolver.AddSearchDirectories: Adding more searchDirectories C:\Program Files\dotnet\sdk\5.0.103\Extensions,C:\Program Files\dotnet\sdk\5.0.103
TpTrace Information: 0 : 18188, 1, 2021/03/05, 08:54:36.995, 26062983454, vstest.console.dll, AssemblyResolver.AddSearchDirectories: Adding more searchDirectories C:\Program Files\dotnet\sdk\5.0.103\Extensions,C:\Program Files\dotnet\sdk\5.0.103
TpTrace Information: 0 : 18188, 1, 2021/03/05, 08:54:36.995, 26062984486, vstest.console.dll, AssemblyResolver.AddSearchDirectories: Adding more searchDirectories C:\Program Files\dotnet\sdk\5.0.103\Extensions,C:\Program Files\dotnet\sdk\5.0.103
TpTrace Information: 0 : 18188, 1, 2021/03/05, 08:54:36.995, 26062985494, vstest.console.dll, AssemblyResolver.AddSearchDirectories: Adding more searchDirectories C:\Program Files\dotnet\sdk\5.0.103\Extensions,C:\Program Files\dotnet\sdk\5.0.103
TpTrace Information: 0 : 18188, 1, 2021/03/05, 08:54:36.996, 26062986443, vstest.console.dll, AssemblyResolver.AddSearchDirectories: Adding more searchDirectories C:\Program Files\dotnet\sdk\5.0.103\Extensions,C:\Program Files\dotnet\sdk\5.0.103
TpTrace Information: 0 : 18188, 1, 2021/03/05, 08:54:36.996, 26062987388, vstest.console.dll, AssemblyResolver.AddSearchDirectories: Adding more searchDirectories C:\Program Files\dotnet\sdk\5.0.103\Extensions,C:\Program Files\dotnet\sdk\5.0.103
TpTrace Information: 0 : 18188, 1, 2021/03/05, 08:54:36.997, 26063001682, vstest.console.dll, AssemblyResolver.OnResolve: Microsoft.Diagnostics.NETCore.Client: Resolving assembly.
TpTrace Information: 0 : 18188, 1, 2021/03/05, 08:54:37.001, 26063039638, vstest.console.dll, AssemblyResolver.OnResolve: Resolved assembly: Microsoft.Diagnostics.NETCore.Client, from path: C:\Program Files\dotnet\sdk\5.0.103\Extensions\Microsoft.Diagnostics.NETCore.Client.dll
TpTrace Information: 0 : 18188, 1, 2021/03/05, 08:54:37.005, 26063077149, vstest.console.dll, AssemblyResolver.OnResolve: Microsoft.Bcl.AsyncInterfaces: Resolving assembly.
TpTrace Information: 0 : 18188, 1, 2021/03/05, 08:54:37.005, 26063080834, vstest.console.dll, AssemblyResolver.OnResolve: Microsoft.Bcl.AsyncInterfaces: Failed to load assembly.
TpTrace Verbose: 0 : 18188, 1, 2021/03/05, 08:54:37.005, 26063082150, vstest.console.dll, CurrentDomain_AssemblyResolve: Resolving assembly 'Microsoft.Bcl.AsyncInterfaces'.
TpTrace Information: 0 : 18188, 1, 2021/03/05, 08:54:37.005, 26063084073, vstest.console.dll, AssemblyResolver.OnResolve: Microsoft.Bcl.AsyncInterfaces: Resolving assembly.
TpTrace Information: 0 : 18188, 1, 2021/03/05, 08:54:37.005, 26063085466, vstest.console.dll, AssemblyResolver.OnResolve: Microsoft.Bcl.AsyncInterfaces: Resolved from cache.
TpTrace Verbose: 0 : 18188, 1, 2021/03/05, 08:54:37.006, 26063086434, vstest.console.dll, CurrentDomain_AssemblyResolve: Resolving assembly 'Microsoft.Bcl.AsyncInterfaces'.
TpTrace Verbose: 0 : 18188, 1, 2021/03/05, 08:54:37.006, 26063087929, vstest.console.dll, CurrentDomainAssemblyResolve: Failed to resolve assembly 'Microsoft.Bcl.AsyncInterfaces'.
TpTrace Verbose: 0 : 18188, 1, 2021/03/05, 08:54:37.010, 26063128073, vstest.console.dll, CurrentDomainAssemblyResolve: Failed to resolve assembly 'Microsoft.Bcl.AsyncInterfaces'.
TpTrace Warning: 0 : 18188, 1, 2021/03/05, 08:54:37.033, 26063356438, vstest.console.dll, TestPluginDiscoverer: Failed to get types from assembly 'Microsoft.Diagnostics.NETCore.Client, Version=0.2.2.41902, Culture=neutral, PublicKeyToken=31bf3856ad364e35'.  Skipping test extension scan for this assembly.  Error: System.Reflection.ReflectionTypeLoadException: Unable to load one or more of the requested types.
Could not load file or assembly 'Microsoft.Bcl.AsyncInterfaces, Version=1.0.0.0, Culture=neutral, PublicKeyToken=cc7b13ffcd2ddd51'. The system cannot find the file specified.
   at System.Reflection.RuntimeModule.GetTypes(RuntimeModule module)
   at System.Reflection.RuntimeModule.GetTypes()
   at System.Reflection.Assembly.GetTypes()
   at Microsoft.VisualStudio.TestPlatform.Common.ExtensionFramework.TestPluginDiscoverer.GetTestExtensionsFromAssembly[TPluginInfo,TExtension](Assembly assembly, Dictionary`2 pluginInfos)
System.IO.FileNotFoundException: Could not load file or assembly 'Microsoft.Bcl.AsyncInterfaces, Version=1.0.0.0, Culture=neutral, PublicKeyToken=cc7b13ffcd2ddd51'. The system cannot find the file specified.
File name: 'Microsoft.Bcl.AsyncInterfaces, Version=1.0.0.0, Culture=neutral, PublicKeyToken=cc7b13ffcd2ddd51'
TpTrace Warning: 0 : 18188, 1, 2021/03/05, 08:54:37.033, 26063361062, vstest.console.dll, LoaderExceptions: System.IO.FileNotFoundException: Could not load file or assembly 'Microsoft.Bcl.AsyncInterfaces, Version=1.0.0.0, Culture=neutral, PublicKeyToken=cc7b13ffcd2ddd51'. The system cannot find the file specified.
File name: 'Microsoft.Bcl.AsyncInterfaces, Version=1.0.0.0, Culture=neutral, PublicKeyToken=cc7b13ffcd2ddd51'
TpTrace Information: 0 : 18188, 1, 2021/03/05, 08:54:37.033, 26063364638, vstest.console.dll, AssemblyResolver.OnResolve: Microsoft.TestPlatform.Extensions.BlameDataCollector: Resolving assembly.
TpTrace Information: 0 : 18188, 1, 2021/03/05, 08:54:37.036, 26063395135, vstest.console.dll, AssemblyResolver.OnResolve: Resolved assembly: Microsoft.TestPlatform.Extensions.BlameDataCollector, from path: C:\Program Files\dotnet\sdk\5.0.103\Extensions\Microsoft.TestPlatform.Extensions.BlameDataCollector.dll
TpTrace Information: 0 : 18188, 1, 2021/03/05, 08:54:37.037, 26063402479, vstest.console.dll, AssemblyResolver.OnResolve: Microsoft.TestPlatform.Extensions.EventLogCollector: Resolving assembly.
TpTrace Information: 0 : 18188, 1, 2021/03/05, 08:54:37.039, 26063416454, vstest.console.dll, AssemblyResolver.OnResolve: Resolved assembly: Microsoft.TestPlatform.Extensions.EventLogCollector, from path: C:\Program Files\dotnet\sdk\5.0.103\Extensions\Microsoft.TestPlatform.Extensions.EventLogCollector.dll
TpTrace Information: 0 : 18188, 1, 2021/03/05, 08:54:37.041, 26063445501, vstest.console.dll, AssemblyResolver.OnResolve: Microsoft.TestPlatform.TestHostRuntimeProvider: Resolving assembly.
TpTrace Information: 0 : 18188, 1, 2021/03/05, 08:54:37.045, 26063476751, vstest.console.dll, AssemblyResolver.OnResolve: Resolved assembly: Microsoft.TestPlatform.TestHostRuntimeProvider, from path: C:\Program Files\dotnet\sdk\5.0.103\Extensions\Microsoft.TestPlatform.TestHostRuntimeProvider.dll
TpTrace Information: 0 : 18188, 1, 2021/03/05, 08:54:37.046, 26063488935, vstest.console.dll, AssemblyResolver.OnResolve: Microsoft.VisualStudio.TestPlatform.Extensions.Html.TestLogger: Resolving assembly.
TpTrace Information: 0 : 18188, 1, 2021/03/05, 08:54:37.048, 26063511539, vstest.console.dll, AssemblyResolver.OnResolve: Resolved assembly: Microsoft.VisualStudio.TestPlatform.Extensions.Html.TestLogger, from path: C:\Program Files\dotnet\sdk\5.0.103\Extensions\Microsoft.VisualStudio.TestPlatform.Extensions.Html.TestLogger.dll
TpTrace Information: 0 : 18188, 1, 2021/03/05, 08:54:37.048, 26063514551, vstest.console.dll, AssemblyResolver.OnResolve: Microsoft.VisualStudio.TestPlatform.Extensions.Trx.TestLogger: Resolving assembly.
TpTrace Information: 0 : 18188, 1, 2021/03/05, 08:54:37.052, 26063553234, vstest.console.dll, AssemblyResolver.OnResolve: Resolved assembly: Microsoft.VisualStudio.TestPlatform.Extensions.Trx.TestLogger, from path: C:\Program Files\dotnet\sdk\5.0.103\Extensions\Microsoft.VisualStudio.TestPlatform.Extensions.Trx.TestLogger.dll
TpTrace Verbose: 0 : 18188, 1, 2021/03/05, 08:54:37.054, 26063568411, vstest.console.dll, TestPluginCache: Discovered the extensions using extension path ''.
TpTrace Verbose: 0 : 18188, 1, 2021/03/05, 08:54:37.054, 26063569651, vstest.console.dll, TestPluginCache: Discoverers are ''.
TpTrace Verbose: 0 : 18188, 1, 2021/03/05, 08:54:37.054, 26063570585, vstest.console.dll, TestPluginCache: Executors are ''.
TpTrace Verbose: 0 : 18188, 1, 2021/03/05, 08:54:37.054, 26063571484, vstest.console.dll, TestPluginCache: Executors2 are ''.
TpTrace Verbose: 0 : 18188, 1, 2021/03/05, 08:54:37.054, 26063572931, vstest.console.dll, TestPluginCache: Setting providers are ''.
TpTrace Verbose: 0 : 18188, 1, 2021/03/05, 08:54:37.054, 26063573791, vstest.console.dll, TestPluginCache: Loggers are ''.
TpTrace Information: 0 : 18188, 1, 2021/03/05, 08:54:37.059, 26063624937, vstest.console.dll, RunTestsArgumentProcessor:Execute: Test run is starting.
TpTrace Verbose: 0 : 18188, 1, 2021/03/05, 08:54:37.060, 26063626422, vstest.console.dll, RunTestsArgumentProcessor:Execute: Queuing Test run.
TpTrace Information: 0 : 18188, 1, 2021/03/05, 08:54:37.060, 26063629676, vstest.console.dll, TestRequestManager.RunTests: run tests started.
TpTrace Information: 0 : 18188, 1, 2021/03/05, 08:54:37.067, 26063700086, vstest.console.dll, AssemblyMetadataProvider.GetFrameWork: Determined framework:'.NETCoreApp,Version=v3.1' for source: 'D:\Projects\LMPS\Operation\ONCF\Pipelines\Gitlab\dotnetCore\ThemeParkCore\ThemePark.Tests\bin\Debug\netcoreapp3.1\fine-code-coverage\build-output\ThemePark.Tests.dll'
TpTrace Information: 0 : 18188, 1, 2021/03/05, 08:54:37.067, 26063702502, vstest.console.dll, Determined framework for all sources: .NETCoreApp,Version=v3.1
TpTrace Information: 0 : 18188, 1, 2021/03/05, 08:54:37.068, 26063706847, vstest.console.dll, AssemblyMetadataProvider.GetArchitecture: Determined architecture:AnyCPU info for assembly: D:\Projects\LMPS\Operation\ONCF\Pipelines\Gitlab\dotnetCore\ThemeParkCore\ThemePark.Tests\bin\Debug\netcoreapp3.1\fine-code-coverage\build-output\ThemePark.Tests.dll
TpTrace Information: 0 : 18188, 1, 2021/03/05, 08:54:37.069, 26063725065, vstest.console.dll, Determined platform for all sources: X64
TpTrace Information: 0 : 18188, 1, 2021/03/05, 08:54:37.072, 26063751404, vstest.console.dll, Compatible sources list : 
TpTrace Information: 0 : 18188, 1, 2021/03/05, 08:54:37.072, 26063752754, vstest.console.dll, D:\Projects\LMPS\Operation\ONCF\Pipelines\Gitlab\dotnetCore\ThemeParkCore\ThemePark.Tests\bin\Debug\netcoreapp3.1\fine-code-coverage\build-output\ThemePark.Tests.dll
TpTrace Information: 0 : 18188, 1, 2021/03/05, 08:54:37.074, 26063772334, vstest.console.dll, InferRunSettingsHelper.IsTestSettingsEnabled: Unable to navigate to RunSettings/MSTest. Current node: RunSettings
TpTrace Information: 0 : 18188, 1, 2021/03/05, 08:54:37.075, 26063781331, vstest.console.dll, AssemblyResolver.OnResolve: Microsoft.VisualStudio.TestPlatform.Fakes: Resolving assembly.
TpTrace Information: 0 : 18188, 1, 2021/03/05, 08:54:37.075, 26063784675, vstest.console.dll, AssemblyResolver.OnResolve: Microsoft.VisualStudio.TestPlatform.Fakes: Failed to load assembly.
TpTrace Information: 0 : 18188, 1, 2021/03/05, 08:54:37.076, 26063795497, vstest.console.dll, Failed to create newly implemented Fakes Configurator. Reason:System.IO.FileNotFoundException: Could not load file or assembly 'Microsoft.VisualStudio.TestPlatform.Fakes, Version=16.0.0.0, Culture=neutral, PublicKeyToken=null'. The system cannot find the file specified.
File name: 'Microsoft.VisualStudio.TestPlatform.Fakes, Version=16.0.0.0, Culture=neutral, PublicKeyToken=null'
   at System.Reflection.RuntimeAssembly.InternalLoad(ObjectHandleOnStack assemblyName, ObjectHandleOnStack requestingAssembly, StackCrawlMarkHandle stackMark, Boolean throwOnFileNotFound, ObjectHandleOnStack assemblyLoadContext, ObjectHandleOnStack retAssembly)
   at System.Reflection.RuntimeAssembly.InternalLoad(AssemblyName assemblyName, RuntimeAssembly requestingAssembly, StackCrawlMark& stackMark, Boolean throwOnFileNotFound, AssemblyLoadContext assemblyLoadContext)
   at System.Reflection.Assembly.Load(String assemblyString)
   at Microsoft.VisualStudio.TestPlatform.Common.Utilities.FakesUtilities.TryGetFakesCrossPlatformDataCollectorConfigurator() 
TpTrace Verbose: 0 : 18188, 1, 2021/03/05, 08:54:37.083, 26063856442, vstest.console.dll, TestPluginCache.DiscoverTestExtensions: finding test extensions in assemblies ends with: TestLogger.dll TPluginInfo: Microsoft.VisualStudio.TestPlatform.Common.ExtensionFramework.Utilities.TestLoggerPluginInformation TExtension: Microsoft.VisualStudio.TestPlatform.ObjectModel.Client.ITestLogger
TpTrace Verbose: 0 : 18188, 1, 2021/03/05, 08:54:37.083, 26063858507, vstest.console.dll, TestPluginCache.GetExtensionPaths: Filtered extension paths: 
TpTrace Verbose: 0 : 18188, 1, 2021/03/05, 08:54:37.083, 26063859670, vstest.console.dll, TestPluginCache.GetExtensionPaths: Added default extension paths: C:\Program Files\dotnet\sdk\5.0.103\Extensions\Microsoft.Diagnostics.NETCore.Client.dll
C:\Program Files\dotnet\sdk\5.0.103\Extensions\Microsoft.TestPlatform.Extensions.BlameDataCollector.dll
C:\Program Files\dotnet\sdk\5.0.103\Extensions\Microsoft.TestPlatform.Extensions.EventLogCollector.dll
C:\Program Files\dotnet\sdk\5.0.103\Extensions\Microsoft.TestPlatform.TestHostRuntimeProvider.dll
C:\Program Files\dotnet\sdk\5.0.103\Extensions\Microsoft.VisualStudio.TestPlatform.Extensions.Html.TestLogger.dll
C:\Program Files\dotnet\sdk\5.0.103\Extensions\Microsoft.VisualStudio.TestPlatform.Extensions.Trx.TestLogger.dll
TpTrace Verbose: 0 : 18188, 1, 2021/03/05, 08:54:37.083, 26063860861, vstest.console.dll, TestPluginCache.GetExtensionPaths: Added unfilterableExtensionPaths: 
TpTrace Information: 0 : 18188, 1, 2021/03/05, 08:54:37.083, 26063863734, vstest.console.dll, AssemblyResolver.AddSearchDirectories: Adding more searchDirectories C:\Program Files\dotnet\sdk\5.0.103\Extensions,C:\Program Files\dotnet\sdk\5.0.103
TpTrace Verbose: 0 : 18188, 1, 2021/03/05, 08:54:37.083, 26063865034, vstest.console.dll, TestPluginCache.DiscoverTestExtensions: Discovering the extensions using extension path.
TpTrace Verbose: 0 : 18188, 1, 2021/03/05, 08:54:37.084, 26063866118, vstest.console.dll, TestPluginCache.GetExtensionPaths: Filtered extension paths: 
TpTrace Verbose: 0 : 18188, 1, 2021/03/05, 08:54:37.084, 26063867170, vstest.console.dll, TestPluginCache.GetExtensionPaths: Added default extension paths: C:\Program Files\dotnet\sdk\5.0.103\Extensions\Microsoft.Diagnostics.NETCore.Client.dll
C:\Program Files\dotnet\sdk\5.0.103\Extensions\Microsoft.TestPlatform.Extensions.BlameDataCollector.dll
C:\Program Files\dotnet\sdk\5.0.103\Extensions\Microsoft.TestPlatform.Extensions.EventLogCollector.dll
C:\Program Files\dotnet\sdk\5.0.103\Extensions\Microsoft.TestPlatform.TestHostRuntimeProvider.dll
C:\Program Files\dotnet\sdk\5.0.103\Extensions\Microsoft.VisualStudio.TestPlatform.Extensions.Html.TestLogger.dll
C:\Program Files\dotnet\sdk\5.0.103\Extensions\Microsoft.VisualStudio.TestPlatform.Extensions.Trx.TestLogger.dll
TpTrace Verbose: 0 : 18188, 1, 2021/03/05, 08:54:37.084, 26063868900, vstest.console.dll, TestPluginCache.GetExtensionPaths: Added unfilterableExtensionPaths: 
TpTrace Verbose: 0 : 18188, 1, 2021/03/05, 08:54:37.084, 26063870181, vstest.console.dll, TestPluginCache.DiscoverTestExtensions: Discovering the extensions using allExtensionPaths: C:\Program Files\dotnet\sdk\5.0.103\Extensions\Microsoft.Diagnostics.NETCore.Client.dll
C:\Program Files\dotnet\sdk\5.0.103\Extensions\Microsoft.TestPlatform.Extensions.BlameDataCollector.dll
C:\Program Files\dotnet\sdk\5.0.103\Extensions\Microsoft.TestPlatform.Extensions.EventLogCollector.dll
C:\Program Files\dotnet\sdk\5.0.103\Extensions\Microsoft.TestPlatform.TestHostRuntimeProvider.dll
C:\Program Files\dotnet\sdk\5.0.103\Extensions\Microsoft.VisualStudio.TestPlatform.Extensions.Html.TestLogger.dll
C:\Program Files\dotnet\sdk\5.0.103\Extensions\Microsoft.VisualStudio.TestPlatform.Extensions.Trx.TestLogger.dll
TpTrace Information: 0 : 18188, 1, 2021/03/05, 08:54:37.084, 26063871438, vstest.console.dll, AssemblyResolver.AddSearchDirectories: Adding more searchDirectories C:\Program Files\dotnet\sdk\5.0.103\Extensions,C:\Program Files\dotnet\sdk\5.0.103
TpTrace Information: 0 : 18188, 1, 2021/03/05, 08:54:37.084, 26063872555, vstest.console.dll, AssemblyResolver.AddSearchDirectories: Adding more searchDirectories C:\Program Files\dotnet\sdk\5.0.103\Extensions,C:\Program Files\dotnet\sdk\5.0.103
TpTrace Information: 0 : 18188, 1, 2021/03/05, 08:54:37.084, 26063873772, vstest.console.dll, AssemblyResolver.AddSearchDirectories: Adding more searchDirectories C:\Program Files\dotnet\sdk\5.0.103\Extensions,C:\Program Files\dotnet\sdk\5.0.103
TpTrace Information: 0 : 18188, 1, 2021/03/05, 08:54:37.084, 26063874776, vstest.console.dll, AssemblyResolver.AddSearchDirectories: Adding more searchDirectories C:\Program Files\dotnet\sdk\5.0.103\Extensions,C:\Program Files\dotnet\sdk\5.0.103
TpTrace Information: 0 : 18188, 1, 2021/03/05, 08:54:37.084, 26063875957, vstest.console.dll, AssemblyResolver.AddSearchDirectories: Adding more searchDirectories C:\Program Files\dotnet\sdk\5.0.103\Extensions,C:\Program Files\dotnet\sdk\5.0.103
TpTrace Information: 0 : 18188, 1, 2021/03/05, 08:54:37.085, 26063877104, vstest.console.dll, AssemblyResolver.AddSearchDirectories: Adding more searchDirectories C:\Program Files\dotnet\sdk\5.0.103\Extensions,C:\Program Files\dotnet\sdk\5.0.103
TpTrace Information: 0 : 18188, 1, 2021/03/05, 08:54:37.085, 26063879938, vstest.console.dll, AssemblyResolver.OnResolve: Microsoft.Bcl.AsyncInterfaces: Resolving assembly.
TpTrace Information: 0 : 18188, 1, 2021/03/05, 08:54:37.085, 26063880963, vstest.console.dll, AssemblyResolver.OnResolve: Microsoft.Bcl.AsyncInterfaces: Resolved from cache.
TpTrace Verbose: 0 : 18188, 1, 2021/03/05, 08:54:37.085, 26063881919, vstest.console.dll, CurrentDomain_AssemblyResolve: Resolving assembly 'Microsoft.Bcl.AsyncInterfaces'.
TpTrace Information: 0 : 18188, 1, 2021/03/05, 08:54:37.085, 26063883071, vstest.console.dll, AssemblyResolver.OnResolve: Microsoft.Bcl.AsyncInterfaces: Resolving assembly.
TpTrace Information: 0 : 18188, 1, 2021/03/05, 08:54:37.085, 26063884021, vstest.console.dll, AssemblyResolver.OnResolve: Microsoft.Bcl.AsyncInterfaces: Resolved from cache.
TpTrace Verbose: 0 : 18188, 1, 2021/03/05, 08:54:37.085, 26063885069, vstest.console.dll, CurrentDomain_AssemblyResolve: Resolving assembly 'Microsoft.Bcl.AsyncInterfaces'.
TpTrace Verbose: 0 : 18188, 1, 2021/03/05, 08:54:37.085, 26063885999, vstest.console.dll, CurrentDomainAssemblyResolve: Failed to resolve assembly 'Microsoft.Bcl.AsyncInterfaces'.
TpTrace Verbose: 0 : 18188, 1, 2021/03/05, 08:54:37.086, 26063890630, vstest.console.dll, CurrentDomainAssemblyResolve: Failed to resolve assembly 'Microsoft.Bcl.AsyncInterfaces'.
TpTrace Warning: 0 : 18188, 1, 2021/03/05, 08:54:37.087, 26063896288, vstest.console.dll, TestPluginDiscoverer: Failed to get types from assembly 'Microsoft.Diagnostics.NETCore.Client, Version=0.2.2.41902, Culture=neutral, PublicKeyToken=31bf3856ad364e35'.  Skipping test extension scan for this assembly.  Error: System.Reflection.ReflectionTypeLoadException: Unable to load one or more of the requested types.
Could not load file or assembly 'Microsoft.Bcl.AsyncInterfaces, Version=1.0.0.0, Culture=neutral, PublicKeyToken=cc7b13ffcd2ddd51'. The system cannot find the file specified.
   at System.Reflection.RuntimeModule.GetTypes(RuntimeModule module)
   at System.Reflection.RuntimeModule.GetTypes()
   at System.Reflection.Assembly.GetTypes()
   at Microsoft.VisualStudio.TestPlatform.Common.ExtensionFramework.TestPluginDiscoverer.GetTestExtensionsFromAssembly[TPluginInfo,TExtension](Assembly assembly, Dictionary`2 pluginInfos)
System.IO.FileNotFoundException: Could not load file or assembly 'Microsoft.Bcl.AsyncInterfaces, Version=1.0.0.0, Culture=neutral, PublicKeyToken=cc7b13ffcd2ddd51'. The system cannot find the file specified.
File name: 'Microsoft.Bcl.AsyncInterfaces, Version=1.0.0.0, Culture=neutral, PublicKeyToken=cc7b13ffcd2ddd51'
TpTrace Warning: 0 : 18188, 1, 2021/03/05, 08:54:37.087, 26063897456, vstest.console.dll, LoaderExceptions: System.IO.FileNotFoundException: Could not load file or assembly 'Microsoft.Bcl.AsyncInterfaces, Version=1.0.0.0, Culture=neutral, PublicKeyToken=cc7b13ffcd2ddd51'. The system cannot find the file specified.
File name: 'Microsoft.Bcl.AsyncInterfaces, Version=1.0.0.0, Culture=neutral, PublicKeyToken=cc7b13ffcd2ddd51'
TpTrace Verbose: 0 : 18188, 1, 2021/03/05, 08:54:37.087, 26063902528, vstest.console.dll, TestPluginCache: Discovered the extensions using extension path ''.
TpTrace Verbose: 0 : 18188, 1, 2021/03/05, 08:54:37.087, 26063904381, vstest.console.dll, TestPluginCache: Discoverers are ''.
TpTrace Verbose: 0 : 18188, 1, 2021/03/05, 08:54:37.088, 26063906232, vstest.console.dll, TestPluginCache: Executors are ''.
TpTrace Verbose: 0 : 18188, 1, 2021/03/05, 08:54:37.088, 26063907911, vstest.console.dll, TestPluginCache: Executors2 are ''.
TpTrace Verbose: 0 : 18188, 1, 2021/03/05, 08:54:37.088, 26063909309, vstest.console.dll, TestPluginCache: Setting providers are ''.
TpTrace Verbose: 0 : 18188, 1, 2021/03/05, 08:54:37.088, 26063911834, vstest.console.dll, TestPluginCache: Loggers are 'logger://Microsoft/TestPlatform/Extensions/Blame/v1,logger://Microsoft/TestPlatform/HtmlLogger/v1,logger://Microsoft/TestPlatform/TrxLogger/v1'.
TpTrace Information: 0 : 18188, 1, 2021/03/05, 08:54:37.089, 26063922865, vstest.console.dll, TestPluginManager.CreateTestExtension: Attempting to load test extension: Microsoft.TestPlatform.Extensions.BlameDataCollector.BlameLogger
TpTrace Information: 0 : 18188, 1, 2021/03/05, 08:54:37.100, 26064028813, vstest.console.dll, TestPluginManager.CreateTestExtension: Attempting to load test extension: Microsoft.VisualStudio.TestPlatform.CrossPlatEngine.Hosting.DefaultTestHostManager
TpTrace Information: 0 : 18188, 1, 2021/03/05, 08:54:37.100, 26064034405, vstest.console.dll, TestPluginManager.CreateTestExtension: Attempting to load test extension: Microsoft.VisualStudio.TestPlatform.CrossPlatEngine.Hosting.DotnetTestHostManager
TpTrace Verbose: 0 : 18188, 1, 2021/03/05, 08:54:37.101, 26064044093, vstest.console.dll, TestEngine: Initializing Parallel Execution as MaxCpuCount is set to: 1
TpTrace Information: 0 : 18188, 1, 2021/03/05, 08:54:37.102, 26064053977, vstest.console.dll, InferRunSettingsHelper.IsTestSettingsEnabled: Unable to navigate to RunSettings/MSTest. Current node: RunSettings
TpTrace Verbose: 0 : 18188, 1, 2021/03/05, 08:54:37.126, 26064294278, vstest.console.dll, TestRequestSender is acting as server
TpTrace Verbose: 0 : 18188, 4, 2021/03/05, 08:54:37.131, 26064337889, vstest.console.dll, DataCollectionRequestSender.InitializeCommunication : Initialize communication. 
TpTrace Information: 0 : 18188, 4, 2021/03/05, 08:54:37.146, 26064487601, vstest.console.dll, Listening on Endpoint : 127.0.0.1:51424
TpTrace Verbose: 0 : 18188, 4, 2021/03/05, 08:54:37.158, 26064615321, vstest.console.dll, DotnetDataCollectionLauncher: Full path of dotnet.exe is C:\Program Files\dotnet\dotnet.exe
TpTrace Verbose: 0 : 18188, 4, 2021/03/05, 08:54:37.159, 26064618618, vstest.console.dll, DotnetDataCollectionLauncher: Adding  --runtimeconfig "C:\Program Files\dotnet\sdk\5.0.103\datacollector.runtimeconfig.json" in args
TpTrace Verbose: 0 : 18188, 4, 2021/03/05, 08:54:37.159, 26064620578, vstest.console.dll, DotnetDataCollectionLauncher: Adding  --depsfile "C:\Program Files\dotnet\sdk\5.0.103\datacollector.deps.json" in args
TpTrace Information: 0 : 18188, 4, 2021/03/05, 08:54:37.169, 26064720467, vstest.console.dll, ProxyDataCollectionManager.Initialize: Launched datacollector processId: 5656 port: 51424
TpTrace Information: 0 : 18188, 4, 2021/03/05, 08:54:37.169, 26064724584, vstest.console.dll, ProxyDataCollectionManager.Initialize: waiting for connection with timeout: 90 seconds
TpTrace Verbose: 0 : 18188, 4, 2021/03/05, 08:54:37.170, 26064727464, vstest.console.dll, DataCollectionRequestSender.WaitForRequestHandlerConnection : Waiting for connection with timeout: 90000
TpTrace Information: 0 : 18188, 7, 2021/03/05, 08:54:37.365, 26066681653, vstest.console.dll, Using the buffer size of 16384 bytes
TpTrace Verbose: 0 : 18188, 4, 2021/03/05, 08:54:37.365, 26066682516, vstest.console.dll, ProxyDataCollectionManager.InvokeDataCollectionServiceAction: Starting.
TpTrace Information: 0 : 18188, 7, 2021/03/05, 08:54:37.365, 26066684236, vstest.console.dll, Accepted Client request and set the flag
TpTrace Information: 0 : 18188, 4, 2021/03/05, 08:54:37.366, 26066686455, vstest.console.dll, ProxyDataCollectionManager.BeforeTestRunStart: Get environment variable and port for datacollector processId: 5656 port: 51424
TpTrace Verbose: 0 : 18188, 4, 2021/03/05, 08:54:37.366, 26066690670, vstest.console.dll, DataCollectionRequestSender.SendBeforeTestRunStartAndGetResult : Send BeforeTestRunStart message with settingsXml <RunSettings><RunConfiguration><ResultsDirectory>D:\Projects\LMPS\Operation\ONCF\Pipelines\Gitlab\dotnetCore\ThemeParkCore\ThemePark.Tests\bin\Debug\netcoreapp3.1\fine-code-coverage\coverage-tool-output</ResultsDirectory><TargetPlatform>X64</TargetPlatform><TargetFrameworkVersion>.NETCoreApp,Version=v3.1</TargetFrameworkVersion><DesignMode>False</DesignMode><CollectSourceInformation>False</CollectSourceInformation><TestAdaptersPaths>C:\Program Files\dotnet\sdk\5.0.103\Extensions</TestAdaptersPaths></RunConfiguration><LoggerRunSettings><Loggers><Logger friendlyName="blame" enabled="True" /><Logger friendlyName="Console" uri="logger://microsoft/TestPlatform/ConsoleLogger/v1" assemblyQualifiedName="Microsoft.VisualStudio.TestPlatform.CommandLine.Internal.ConsoleLogger, vstest.console, Version=15.0.0.0, Culture=neutral, PublicKeyToken=b03f5f7f11d50a3a" codeBase="C:\Program Files\dotnet\sdk\5.0.103\vstest.console.dll" enabled="True" /></Loggers></LoggerRunSettings><DataCollectionRunSettings><DataCollectors><DataCollector friendlyName="blame" enabled="True"><Configuration><ResultsDirectory>D:\Projects\LMPS\Operation\ONCF\Pipelines\Gitlab\dotnetCore\ThemeParkCore\ThemePark.Tests\bin\Debug\netcoreapp3.1\fine-code-coverage\coverage-tool-output</ResultsDirectory></Configuration></DataCollector></DataCollectors></DataCollectionRunSettings></RunSettings> and sources System.Linq.Enumerable+Concat2Iterator`1[System.String]: 
TpTrace Verbose: 0 : 18188, 4, 2021/03/05, 08:54:37.460, 26067635593, vstest.console.dll, DataCollectionRequestSender.SendBeforeTestRunStartAndGetResult : Received message: (DataCollection.SendMessage) -> {
  "FriendlyName": null,
  "Uri": null,
  "TestCaseId": "00000000-0000-0000-0000-000000000000",
  "Message": "Logging DataCollector Diagnostics in file: D:\\Projects\\LMPS\\Operation\\ONCF\\Pipelines\\Gitlab\\dotnetCore\\ThemeParkCore\\ThemePark.Tests\\bin\\Debug\\netcoreapp3.1\\fine-code-coverage\\coverage-tool-output\\diagnostics.datacollector.21-03-05_08-54-37_15400_4.log",
  "Level": 0
}
TpTrace Verbose: 0 : 18188, 4, 2021/03/05, 08:54:37.528, 26068312271, vstest.console.dll, DataCollectionRequestSender.SendBeforeTestRunStartAndGetResult : Received message: (DataCollection.BeforeTestRunStartResult) -> {
  "EnvironmentVariables": {},
  "DataCollectionEventsPort": 51426
}
TpTrace Information: 0 : 18188, 4, 2021/03/05, 08:54:37.533, 26068358359, vstest.console.dll, ProxyDataCollectionManager.BeforeTestRunStart: SendBeforeTestRunStartAndGetResult successful, env variable from datacollector:   and testhost port: 51426
TpTrace Information: 0 : 18188, 4, 2021/03/05, 08:54:37.533, 26068360145, vstest.console.dll, ProxyDataCollectionManager.InvokeDataCollectionServiceAction: Completed.
TpTrace Verbose: 0 : 18188, 1, 2021/03/05, 08:54:37.533, 26068362516, vstest.console.dll, TestRunRequest.ExecuteAsync: Creating test run request.
TpTrace Verbose: 0 : 18188, 1, 2021/03/05, 08:54:37.533, 26068365784, vstest.console.dll, TestRunRequest.ExecuteAsync: Starting.
TpTrace Information: 0 : 18188, 1, 2021/03/05, 08:54:37.534, 26068369168, vstest.console.dll, TestRunRequest.ExecuteAsync: Starting run with settings:TestRunCriteria:
   KeepAlive=False,FrequencyOfRunStatsChangeEvent=10,RunStatsChangeEventTimeout=00:00:01.5000000,TestCaseFilter=,TestExecutorLauncher=
   Settingsxml=<RunSettings>
  <RunConfiguration>
    <ResultsDirectory>D:\Projects\LMPS\Operation\ONCF\Pipelines\Gitlab\dotnetCore\ThemeParkCore\ThemePark.Tests\bin\Debug\netcoreapp3.1\fine-code-coverage\coverage-tool-output</ResultsDirectory>
    <TargetPlatform>X64</TargetPlatform>
    <TargetFrameworkVersion>.NETCoreApp,Version=v3.1</TargetFrameworkVersion>
    <DesignMode>False</DesignMode>
    <CollectSourceInformation>False</CollectSourceInformation>
  </RunConfiguration>
  <LoggerRunSettings>
    <Loggers>
      <Logger friendlyName="blame" enabled="True" />
      <Logger friendlyName="Console" uri="logger://microsoft/TestPlatform/ConsoleLogger/v1" assemblyQualifiedName="Microsoft.VisualStudio.TestPlatform.CommandLine.Internal.ConsoleLogger, vstest.console, Version=15.0.0.0, Culture=neutral, PublicKeyToken=b03f5f7f11d50a3a" codeBase="C:\Program Files\dotnet\sdk\5.0.103\vstest.console.dll" enabled="True" />
    </Loggers>
  </LoggerRunSettings>
  <DataCollectionRunSettings>
    <DataCollectors>
      <DataCollector friendlyName="blame" enabled="True">
        <Configuration>
          <ResultsDirectory>D:\Projects\LMPS\Operation\ONCF\Pipelines\Gitlab\dotnetCore\ThemeParkCore\ThemePark.Tests\bin\Debug\netcoreapp3.1\fine-code-coverage\coverage-tool-output</ResultsDirectory>
        </Configuration>
      </DataCollector>
    </DataCollectors>
  </DataCollectionRunSettings>
</RunSettings>

TpTrace Verbose: 0 : 18188, 1, 2021/03/05, 08:54:37.534, 26068370702, vstest.console.dll, TestRunRequest.ExecuteAsync: Wait for the first run request is over.
TpTrace Verbose: 0 : 18188, 1, 2021/03/05, 08:54:37.534, 26068375808, vstest.console.dll, ParallelProxyExecutionManager: Start execution. Total sources: 1
TpTrace Information: 0 : 18188, 1, 2021/03/05, 08:54:37.536, 26068386268, vstest.console.dll, ProxyParallelExecutionManager: Triggering test run for next source: D:\Projects\LMPS\Operation\ONCF\Pipelines\Gitlab\dotnetCore\ThemeParkCore\ThemePark.Tests\bin\Debug\netcoreapp3.1\fine-code-coverage\build-output\ThemePark.Tests.dll
TpTrace Verbose: 0 : 18188, 1, 2021/03/05, 08:54:37.536, 26068389307, vstest.console.dll, ProxyParallelExecutionManager: No sources available for execution.
TpTrace Information: 0 : 18188, 1, 2021/03/05, 08:54:37.536, 26068391557, vstest.console.dll, TestRunRequest.ExecuteAsync: Started.
TpTrace Verbose: 0 : 18188, 4, 2021/03/05, 08:54:37.536, 26068389748, vstest.console.dll, ParallelProxyExecutionManager: Execution started. Started clients: 1
TpTrace Verbose: 0 : 18188, 1, 2021/03/05, 08:54:37.536, 26068393409, vstest.console.dll, TestRunRequest.WaitForCompletion: Waiting with timeout -1.
TpTrace Verbose: 0 : 18188, 4, 2021/03/05, 08:54:37.537, 26068397553, vstest.console.dll, TestRunRequest:SendTestRunMessage: Starting.
TpTrace Information: 0 : 18188, 4, 2021/03/05, 08:54:37.537, 26068399866, vstest.console.dll, TestRunRequest:SendTestRunMessage: Completed.
TpTrace Verbose: 0 : 18188, 4, 2021/03/05, 08:54:37.537, 26068403054, vstest.console.dll, ProxyExecutionManager: Test host is always Lazy initialize.
TpTrace Verbose: 0 : 18188, 4, 2021/03/05, 08:54:37.538, 26068406372, vstest.console.dll, TestRequestSender.InitializeCommunication: initialize communication. 
TpTrace Information: 0 : 18188, 4, 2021/03/05, 08:54:37.538, 26068412823, vstest.console.dll, SocketServer.Start: Listening on endpoint : 127.0.0.1:51427
TpTrace Verbose: 0 : 18188, 4, 2021/03/05, 08:54:37.539, 26068421749, vstest.console.dll, DotnetTestHostmanager: Adding  --runtimeconfig "D:\Projects\LMPS\Operation\ONCF\Pipelines\Gitlab\dotnetCore\ThemeParkCore\ThemePark.Tests\bin\Debug\netcoreapp3.1\fine-code-coverage\build-output\ThemePark.Tests.runtimeconfig.json" in args
TpTrace Verbose: 0 : 18188, 4, 2021/03/05, 08:54:37.539, 26068423382, vstest.console.dll, DotnetTestHostmanager: Adding  --depsfile "D:\Projects\LMPS\Operation\ONCF\Pipelines\Gitlab\dotnetCore\ThemeParkCore\ThemePark.Tests\bin\Debug\netcoreapp3.1\fine-code-coverage\build-output\ThemePark.Tests.deps.json" in args
TpTrace Verbose: 0 : 18188, 4, 2021/03/05, 08:54:37.540, 26068426208, vstest.console.dll, DotnetTestHostManager: Testhost.exe/testhost.x86.exe found at path: D:\Projects\LMPS\Operation\ONCF\Pipelines\Gitlab\dotnetCore\ThemeParkCore\ThemePark.Tests\bin\Debug\netcoreapp3.1\fine-code-coverage\build-output\testhost.exe
TpTrace Verbose: 0 : 18188, 4, 2021/03/05, 08:54:37.540, 26068427595, vstest.console.dll, DotnetTestHostmanager: Full path of host exe is D:\Projects\LMPS\Operation\ONCF\Pipelines\Gitlab\dotnetCore\ThemeParkCore\ThemePark.Tests\bin\Debug\netcoreapp3.1\fine-code-coverage\build-output\testhost.exe
TpTrace Verbose: 0 : 18188, 6, 2021/03/05, 08:54:37.541, 26068439613, vstest.console.dll, DotnetTestHostManager: Starting process 'D:\Projects\LMPS\Operation\ONCF\Pipelines\Gitlab\dotnetCore\ThemeParkCore\ThemePark.Tests\bin\Debug\netcoreapp3.1\fine-code-coverage\build-output\testhost.exe' with command line ' --runtimeconfig "D:\Projects\LMPS\Operation\ONCF\Pipelines\Gitlab\dotnetCore\ThemeParkCore\ThemePark.Tests\bin\Debug\netcoreapp3.1\fine-code-coverage\build-output\ThemePark.Tests.runtimeconfig.json" --depsfile "D:\Projects\LMPS\Operation\ONCF\Pipelines\Gitlab\dotnetCore\ThemeParkCore\ThemePark.Tests\bin\Debug\netcoreapp3.1\fine-code-coverage\build-output\ThemePark.Tests.deps.json" --port 51427 --endpoint 127.0.0.1:051427 --role client --parentprocessid 18188 --diag "D:\Projects\LMPS\Operation\ONCF\Pipelines\Gitlab\dotnetCore\ThemeParkCore\ThemePark.Tests\bin\Debug\netcoreapp3.1\fine-code-coverage\coverage-tool-output\diagnostics.host.21-03-05_08-54-37_53911_4.log" --tracelevel 4 --datacollectionport 51426 --telemetryoptedin false'
TpTrace Verbose: 0 : 18188, 6, 2021/03/05, 08:54:37.584, 26068871185, vstest.console.dll, Test Runtime launched
TpTrace Verbose: 0 : 18188, 4, 2021/03/05, 08:54:37.585, 26068885202, vstest.console.dll, TestRequestSender.WaitForRequestHandlerConnection: waiting for connection with timeout: 90000
TpTrace Verbose: 0 : 18188, 6, 2021/03/05, 08:54:37.811, 26071139677, vstest.console.dll, SocketServer.OnClientConnected: Client connected for endPoint: 127.0.0.1:51427, starting MessageLoopAsync:
TpTrace Verbose: 0 : 18188, 14, 2021/03/05, 08:54:37.811, 26071143978, vstest.console.dll, TcpClientExtensions.MessageLoopAsync: Polling on remoteEndPoint: 127.0.0.1:51429 localEndPoint: 127.0.0.1:51427
TpTrace Verbose: 0 : 18188, 14, 2021/03/05, 08:54:37.971, 26072743596, vstest.console.dll, TcpClientExtensions.MessageLoopAsync: NotifyDataAvailable remoteEndPoint: 127.0.0.1:51429 localEndPoint: 127.0.0.1:51427
TpTrace Verbose: 0 : 18188, 14, 2021/03/05, 08:54:37.972, 26072748593, vstest.console.dll, TestRequestSender.CheckVersionWithTestHost: onMessageReceived received message: (ProtocolVersion) -> 3
TpTrace Verbose: 0 : 18188, 14, 2021/03/05, 08:54:37.973, 26072756782, vstest.console.dll, TcpClientExtensions.MessageLoopAsync: Polling on remoteEndPoint: 127.0.0.1:51429 localEndPoint: 127.0.0.1:51427
TpTrace Verbose: 0 : 18188, 4, 2021/03/05, 08:54:37.973, 26072758547, vstest.console.dll, TestPluginCache.GetExtensionPaths: Filtered extension paths: 
TpTrace Verbose: 0 : 18188, 4, 2021/03/05, 08:54:37.973, 26072760724, vstest.console.dll, TestPluginCache.GetExtensionPaths: Added default extension paths: C:\Program Files\dotnet\sdk\5.0.103\Extensions\Microsoft.Diagnostics.NETCore.Client.dll
C:\Program Files\dotnet\sdk\5.0.103\Extensions\Microsoft.TestPlatform.Extensions.BlameDataCollector.dll
C:\Program Files\dotnet\sdk\5.0.103\Extensions\Microsoft.TestPlatform.Extensions.EventLogCollector.dll
C:\Program Files\dotnet\sdk\5.0.103\Extensions\Microsoft.TestPlatform.TestHostRuntimeProvider.dll
C:\Program Files\dotnet\sdk\5.0.103\Extensions\Microsoft.VisualStudio.TestPlatform.Extensions.Html.TestLogger.dll
C:\Program Files\dotnet\sdk\5.0.103\Extensions\Microsoft.VisualStudio.TestPlatform.Extensions.Trx.TestLogger.dll
TpTrace Verbose: 0 : 18188, 4, 2021/03/05, 08:54:37.973, 26072761987, vstest.console.dll, TestPluginCache.GetExtensionPaths: Added unfilterableExtensionPaths: 
TpTrace Verbose: 0 : 18188, 4, 2021/03/05, 08:54:37.977, 26072796151, vstest.console.dll, TestRequestSender.InitializeExecution: Sending initializing execution with message: {"Version":3,"MessageType":"TestExecution.Initialize","Payload":["D:\\Projects\\LMPS\\Operation\\ONCF\\Pipelines\\Gitlab\\dotnetCore\\ThemeParkCore\\ThemePark.Tests\\bin\\Debug\\netcoreapp3.1\\fine-code-coverage\\build-output\\xunit.runner.visualstudio.dotnetcore.testadapter.dll"]}
TpTrace Verbose: 0 : 18188, 4, 2021/03/05, 08:54:37.987, 26072900806, vstest.console.dll, TestRequestSender.StartTestRun: Sending test run with message: {"Version":3,"MessageType":"TestExecution.StartWithSources","Payload":{"AdapterSourceMap":{"_none_":["D:\\Projects\\LMPS\\Operation\\ONCF\\Pipelines\\Gitlab\\dotnetCore\\ThemeParkCore\\ThemePark.Tests\\bin\\Debug\\netcoreapp3.1\\fine-code-coverage\\build-output\\ThemePark.Tests.dll"]},"RunSettings":"<RunSettings>\r\n  <RunConfiguration>\r\n    <ResultsDirectory>D:\\Projects\\LMPS\\Operation\\ONCF\\Pipelines\\Gitlab\\dotnetCore\\ThemeParkCore\\ThemePark.Tests\\bin\\Debug\\netcoreapp3.1\\fine-code-coverage\\coverage-tool-output</ResultsDirectory>\r\n    <TargetPlatform>X64</TargetPlatform>\r\n    <TargetFrameworkVersion>.NETCoreApp,Version=v3.1</TargetFrameworkVersion>\r\n    <DesignMode>False</DesignMode>\r\n    <CollectSourceInformation>False</CollectSourceInformation>\r\n  </RunConfiguration>\r\n  <LoggerRunSettings>\r\n    <Loggers>\r\n      <Logger friendlyName=\"blame\" enabled=\"True\" />\r\n      <Logger friendlyName=\"Console\" uri=\"logger://microsoft/TestPlatform/ConsoleLogger/v1\" assemblyQualifiedName=\"Microsoft.VisualStudio.TestPlatform.CommandLine.Internal.ConsoleLogger, vstest.console, Version=15.0.0.0, Culture=neutral, PublicKeyToken=b03f5f7f11d50a3a\" codeBase=\"C:\\Program Files\\dotnet\\sdk\\5.0.103\\vstest.console.dll\" enabled=\"True\" />\r\n    </Loggers>\r\n  </LoggerRunSettings>\r\n  <DataCollectionRunSettings>\r\n    <DataCollectors>\r\n      <DataCollector friendlyName=\"blame\" enabled=\"True\">\r\n        <Configuration>\r\n          <ResultsDirectory>D:\\Projects\\LMPS\\Operation\\ONCF\\Pipelines\\Gitlab\\dotnetCore\\ThemeParkCore\\ThemePark.Tests\\bin\\Debug\\netcoreapp3.1\\fine-code-coverage\\coverage-tool-output</ResultsDirectory>\r\n        </Configuration>\r\n      </DataCollector>\r\n    </DataCollectors>\r\n  </DataCollectionRunSettings>\r\n</RunSettings>","TestExecutionContext":{"FrequencyOfRunStatsChangeEvent":10,"RunStatsChangeEventTimeout":"00:00:01.5000000","InIsolation":false,"KeepAlive":false,"AreTestCaseLevelEventsRequired":false,"IsDebug":false,"TestCaseFilter":null,"FilterOptions":null},"Package":null}}
TpTrace Verbose: 0 : 18188, 14, 2021/03/05, 08:54:37.989, 26072921859, vstest.console.dll, TcpClientExtensions.MessageLoopAsync: NotifyDataAvailable remoteEndPoint: 127.0.0.1:51429 localEndPoint: 127.0.0.1:51427
TpTrace Verbose: 0 : 18188, 14, 2021/03/05, 08:54:37.989, 26072924755, vstest.console.dll, TestRequestSender.OnExecutionMessageReceived: Received message: {"Version":3,"MessageType":"TestSession.Message","Payload":{"MessageLevel":0,"Message":"Logging TestHost Diagnostics in file: D:\\Projects\\LMPS\\Operation\\ONCF\\Pipelines\\Gitlab\\dotnetCore\\ThemeParkCore\\ThemePark.Tests\\bin\\Debug\\netcoreapp3.1\\fine-code-coverage\\coverage-tool-output\\diagnostics.host.21-03-05_08-54-37_53911_4.log"}}
TpTrace Verbose: 0 : 18188, 14, 2021/03/05, 08:54:37.992, 26072947932, vstest.console.dll, TestRunRequest:SendTestRunMessage: Starting.
TpTrace Information: 0 : 18188, 14, 2021/03/05, 08:54:37.992, 26072951024, vstest.console.dll, TestRunRequest:SendTestRunMessage: Completed.
TpTrace Verbose: 0 : 18188, 14, 2021/03/05, 08:54:37.992, 26072952950, vstest.console.dll, TcpClientExtensions.MessageLoopAsync: Polling on remoteEndPoint: 127.0.0.1:51429 localEndPoint: 127.0.0.1:51427
TpTrace Verbose: 0 : 18188, 14, 2021/03/05, 08:54:38.194, 26074972442, vstest.console.dll, TcpClientExtensions.MessageLoopAsync: NotifyDataAvailable remoteEndPoint: 127.0.0.1:51429 localEndPoint: 127.0.0.1:51427
TpTrace Verbose: 0 : 18188, 14, 2021/03/05, 08:54:38.194, 26074976000, vstest.console.dll, TestRequestSender.OnExecutionMessageReceived: Received message: {"Version":3,"MessageType":"TestSession.Message","Payload":{"MessageLevel":0,"Message":"[xUnit.net 00:00:00.00] xUnit.net VSTest Adapter v2.4.3+1b45f5407b (64-bit .NET Core 3.1.12)"}}
TpTrace Verbose: 0 : 18188, 14, 2021/03/05, 08:54:38.195, 26074980969, vstest.console.dll, TestRunRequest:SendTestRunMessage: Starting.
TpTrace Information: 0 : 18188, 14, 2021/03/05, 08:54:38.195, 26074982938, vstest.console.dll, TestRunRequest:SendTestRunMessage: Completed.
TpTrace Verbose: 0 : 18188, 14, 2021/03/05, 08:54:38.195, 26074984482, vstest.console.dll, TcpClientExtensions.MessageLoopAsync: Polling on remoteEndPoint: 127.0.0.1:51429 localEndPoint: 127.0.0.1:51427
TpTrace Verbose: 0 : 18188, 14, 2021/03/05, 08:54:38.853, 26081559313, vstest.console.dll, TcpClientExtensions.MessageLoopAsync: NotifyDataAvailable remoteEndPoint: 127.0.0.1:51429 localEndPoint: 127.0.0.1:51427
TpTrace Verbose: 0 : 18188, 14, 2021/03/05, 08:54:38.853, 26081561484, vstest.console.dll, TestRequestSender.OnExecutionMessageReceived: Received message: {"Version":3,"MessageType":"TestSession.Message","Payload":{"MessageLevel":0,"Message":"[xUnit.net 00:00:00.66]   Discovering: ThemePark.Tests"}}
TpTrace Verbose: 0 : 18188, 14, 2021/03/05, 08:54:38.853, 26081564748, vstest.console.dll, TestRunRequest:SendTestRunMessage: Starting.
TpTrace Information: 0 : 18188, 14, 2021/03/05, 08:54:38.854, 26081566300, vstest.console.dll, TestRunRequest:SendTestRunMessage: Completed.
TpTrace Verbose: 0 : 18188, 14, 2021/03/05, 08:54:38.854, 26081568016, vstest.console.dll, TcpClientExtensions.MessageLoopAsync: Polling on remoteEndPoint: 127.0.0.1:51429 localEndPoint: 127.0.0.1:51427
TpTrace Verbose: 0 : 18188, 14, 2021/03/05, 08:54:38.893, 26081959078, vstest.console.dll, TcpClientExtensions.MessageLoopAsync: NotifyDataAvailable remoteEndPoint: 127.0.0.1:51429 localEndPoint: 127.0.0.1:51427
TpTrace Verbose: 0 : 18188, 14, 2021/03/05, 08:54:38.893, 26081963024, vstest.console.dll, TestRequestSender.OnExecutionMessageReceived: Received message: {"Version":3,"MessageType":"TestSession.Message","Payload":{"MessageLevel":0,"Message":"[xUnit.net 00:00:00.70]   Discovered:  ThemePark.Tests"}}
TpTrace Verbose: 0 : 18188, 14, 2021/03/05, 08:54:38.901, 26082037815, vstest.console.dll, TestRunRequest:SendTestRunMessage: Starting.
TpTrace Information: 0 : 18188, 14, 2021/03/05, 08:54:38.901, 26082041266, vstest.console.dll, TestRunRequest:SendTestRunMessage: Completed.
TpTrace Verbose: 0 : 18188, 14, 2021/03/05, 08:54:38.901, 26082043656, vstest.console.dll, TcpClientExtensions.MessageLoopAsync: Polling on remoteEndPoint: 127.0.0.1:51429 localEndPoint: 127.0.0.1:51427
TpTrace Verbose: 0 : 18188, 14, 2021/03/05, 08:54:38.901, 26082045215, vstest.console.dll, TcpClientExtensions.MessageLoopAsync: NotifyDataAvailable remoteEndPoint: 127.0.0.1:51429 localEndPoint: 127.0.0.1:51427
TpTrace Verbose: 0 : 18188, 14, 2021/03/05, 08:54:38.902, 26082046719, vstest.console.dll, TestRequestSender.OnExecutionMessageReceived: Received message: {"Version":3,"MessageType":"TestSession.Message","Payload":{"MessageLevel":0,"Message":"[xUnit.net 00:00:00.70]   Starting:    ThemePark.Tests"}}
TpTrace Verbose: 0 : 18188, 14, 2021/03/05, 08:54:38.902, 26082048657, vstest.console.dll, TestRunRequest:SendTestRunMessage: Starting.
TpTrace Information: 0 : 18188, 14, 2021/03/05, 08:54:38.902, 26082050678, vstest.console.dll, TestRunRequest:SendTestRunMessage: Completed.
TpTrace Verbose: 0 : 18188, 14, 2021/03/05, 08:54:38.902, 26082052412, vstest.console.dll, TcpClientExtensions.MessageLoopAsync: Polling on remoteEndPoint: 127.0.0.1:51429 localEndPoint: 127.0.0.1:51427
TpTrace Verbose: 0 : 18188, 14, 2021/03/05, 08:54:39.113, 26084159522, vstest.console.dll, TcpClientExtensions.MessageLoopAsync: NotifyDataAvailable remoteEndPoint: 127.0.0.1:51429 localEndPoint: 127.0.0.1:51427
TpTrace Verbose: 0 : 18188, 14, 2021/03/05, 08:54:39.113, 26084162106, vstest.console.dll, TestRequestSender.OnExecutionMessageReceived: Received message: {"Version":3,"MessageType":"TestSession.Message","Payload":{"MessageLevel":0,"Message":"[xUnit.net 00:00:00.92]   Finished:    ThemePark.Tests"}}
TpTrace Verbose: 0 : 18188, 14, 2021/03/05, 08:54:39.114, 26084166153, vstest.console.dll, TestRunRequest:SendTestRunMessage: Starting.
TpTrace Information: 0 : 18188, 14, 2021/03/05, 08:54:39.114, 26084168300, vstest.console.dll, TestRunRequest:SendTestRunMessage: Completed.
TpTrace Verbose: 0 : 18188, 14, 2021/03/05, 08:54:39.114, 26084170426, vstest.console.dll, TcpClientExtensions.MessageLoopAsync: Polling on remoteEndPoint: 127.0.0.1:51429 localEndPoint: 127.0.0.1:51427
TpTrace Verbose: 0 : 18188, 14, 2021/03/05, 08:54:39.160, 26084632277, vstest.console.dll, TcpClientExtensions.MessageLoopAsync: NotifyDataAvailable remoteEndPoint: 127.0.0.1:51429 localEndPoint: 127.0.0.1:51427
TpTrace Verbose: 0 : 18188, 14, 2021/03/05, 08:54:39.160, 26084635592, vstest.console.dll, TestRequestSender.OnExecutionMessageReceived: Received message: {"Version":3,"MessageType":"TestExecution.Completed","Payload":{"TestRunCompleteArgs":{"TestRunStatistics":{"ExecutedTests":3,"Stats":{"Passed":3}},"IsCanceled":false,"IsAborted":false,"Error":null,"AttachmentSets":[],"ElapsedTimeInRunningTests":"00:00:00.9373363","Metrics":{}},"LastRunTests":{"NewTestResults":[{"TestCase":{"Properties":[{"Key":{"Id":"TestCase.FullyQualifiedName","Label":"FullyQualifiedName","Category":"","Description":"","Attributes":1,"ValueType":"System.String"},"Value":"ThemePark.Tests.UnitTest1.Test1"},{"Key":{"Id":"TestCase.ExecutorUri","Label":"Executor Uri","Category":"","Description":"","Attributes":1,"ValueType":"System.Uri"},"Value":"executor://xunit/VsTestRunner2/netcoreapp"},{"Key":{"Id":"TestCase.Source","Label":"Source","Category":"","Description":"","Attributes":0,"ValueType":"System.String"},"Value":"D:\\Projects\\LMPS\\Operation\\ONCF\\Pipelines\\Gitlab\\dotnetCore\\ThemeParkCore\\ThemePark.Tests\\bin\\Debug\\netcoreapp3.1\\fine-code-coverage\\build-output\\ThemePark.Tests.dll"},{"Key":{"Id":"TestCase.CodeFilePath","Label":"File Path","Category":"","Description":"","Attributes":0,"ValueType":"System.String"},"Value":null},{"Key":{"Id":"TestCase.DisplayName","Label":"Name","Category":"","Description":"","Attributes":0,"ValueType":"System.String"},"Value":"ThemePark.Tests.UnitTest1.Test1"},{"Key":{"Id":"TestCase.Id","Label":"Id","Category":"","Description":"","Attributes":1,"ValueType":"System.Guid"},"Value":"f3b57047-456a-58ca-fec2-5e871a205002"},{"Key":{"Id":"TestCase.LineNumber","Label":"Line Number","Category":"","Description":"","Attributes":1,"ValueType":"System.Int32"},"Value":0}]},"Attachments":[],"Messages":[],"Properties":[{"Key":{"Id":"TestResult.Outcome","Label":"Outcome","Category":"","Description":"","Attributes":0,"ValueType":"Microsoft.VisualStudio.TestPlatform.ObjectModel.TestOutcome, Microsoft.VisualStudio.TestPlatform.ObjectModel, Version=15.0.0.0, Culture=neutral, PublicKeyToken=b03f5f7f11d50a3a"},"Value":1},{"Key":{"Id":"TestResult.ErrorMessage","Label":"Error Message","Category":"","Description":"","Attributes":0,"ValueType":"System.String"},"Value":null},{"Key":{"Id":"TestResult.ErrorStackTrace","Label":"Error Stack Trace","Category":"","Description":"","Attributes":0,"ValueType":"System.String"},"Value":null},{"Key":{"Id":"TestResult.DisplayName","Label":"TestResult Display Name","Category":"","Description":"","Attributes":1,"ValueType":"System.String"},"Value":"ThemePark.Tests.UnitTest1.Test1"},{"Key":{"Id":"TestResult.ComputerName","Label":"Computer Name","Category":"","Description":"","Attributes":0,"ValueType":"System.String"},"Value":"DESKTOP-F673AQC"},{"Key":{"Id":"TestResult.Duration","Label":"Duration","Category":"","Description":"","Attributes":0,"ValueType":"System.TimeSpan"},"Value":"00:00:00.0038813"},{"Key":{"Id":"TestResult.StartTime","Label":"Start Time","Category":"","Description":"","Attributes":0,"ValueType":"System.DateTimeOffset"},"Value":"2021-03-05T07:54:38.9888441+00:00"},{"Key":{"Id":"TestResult.EndTime","Label":"End Time","Category":"","Description":"","Attributes":0,"ValueType":"System.DateTimeOffset"},"Value":"2021-03-05T07:54:38.9889338+00:00"}]},{"TestCase":{"Properties":[{"Key":{"Id":"TestCase.FullyQualifiedName","Label":"FullyQualifiedName","Category":"","Description":"","Attributes":1,"ValueType":"System.String"},"Value":"ThemePark.Tests.RideControllerTest.GetReturnsRideWithSameId"},{"Key":{"Id":"TestCase.ExecutorUri","Label":"Executor Uri","Category":"","Description":"","Attributes":1,"ValueType":"System.Uri"},"Value":"executor://xunit/VsTestRunner2/netcoreapp"},{"Key":{"Id":"TestCase.Source","Label":"Source","Category":"","Description":"","Attributes":0,"ValueType":"System.String"},"Value":"D:\\Projects\\LMPS\\Operation\\ONCF\\Pipelines\\Gitlab\\dotnetCore\\ThemeParkCore\\ThemePark.Tests\\bin\\Debug\\netcoreapp3.1\\fine-code-coverage\\build-output\\ThemePark.Tests.dll"},{"Key":{"Id":"TestCase.CodeFilePath","Label":"File Path","Category":"","Description":"","Attributes":0,"ValueType":"System.String"},"Value":null},{"Key":{"Id":"TestCase.DisplayName","Label":"Name","Category":"","Description":"","Attributes":0,"ValueType":"System.String"},"Value":"ThemePark.Tests.RideControllerTest.GetReturnsRideWithSameId"},{"Key":{"Id":"TestCase.Id","Label":"Id","Category":"","Description":"","Attributes":1,"ValueType":"System.Guid"},"Value":"d26beec9-931e-5388-0d7d-24d54cb5e11b"},{"Key":{"Id":"TestCase.LineNumber","Label":"Line Number","Category":"","Description":"","Attributes":1,"ValueType":"System.Int32"},"Value":0}]},"Attachments":[],"Messages":[],"Properties":[{"Key":{"Id":"TestResult.Outcome","Label":"Outcome","Category":"","Description":"","Attributes":0,"ValueType":"Microsoft.VisualStudio.TestPlatform.ObjectModel.TestOutcome, Microsoft.VisualStudio.TestPlatform.ObjectModel, Version=15.0.0.0, Culture=neutral, PublicKeyToken=b03f5f7f11d50a3a"},"Value":1},{"Key":{"Id":"TestResult.ErrorMessage","Label":"Error Message","Category":"","Description":"","Attributes":0,"ValueType":"System.String"},"Value":null},{"Key":{"Id":"TestResult.ErrorStackTrace","Label":"Error Stack Trace","Category":"","Description":"","Attributes":0,"ValueType":"System.String"},"Value":null},{"Key":{"Id":"TestResult.DisplayName","Label":"TestResult Display Name","Category":"","Description":"","Attributes":1,"ValueType":"System.String"},"Value":"ThemePark.Tests.RideControllerTest.GetReturnsRideWithSameId"},{"Key":{"Id":"TestResult.ComputerName","Label":"Computer Name","Category":"","Description":"","Attributes":0,"ValueType":"System.String"},"Value":"DESKTOP-F673AQC"},{"Key":{"Id":"TestResult.Duration","Label":"Duration","Category":"","Description":"","Attributes":0,"ValueType":"System.TimeSpan"},"Value":"00:00:00.1333583"},{"Key":{"Id":"TestResult.StartTime","Label":"Start Time","Category":"","Description":"","Attributes":0,"ValueType":"System.DateTimeOffset"},"Value":"2021-03-05T07:54:39.1049667+00:00"},{"Key":{"Id":"TestResult.EndTime","Label":"End Time","Category":"","Description":"","Attributes":0,"ValueType":"System.DateTimeOffset"},"Value":"2021-03-05T07:54:39.1049696+00:00"}]},{"TestCase":{"Properties":[{"Key":{"Id":"TestCase.FullyQualifiedName","Label":"FullyQualifiedName","Category":"","Description":"","Attributes":1,"ValueType":"System.String"},"Value":"ThemePark.Tests.RideControllerTest.GetAllRidess_ShouldReturnAllRides"},{"Key":{"Id":"TestCase.ExecutorUri","Label":"Executor Uri","Category":"","Description":"","Attributes":1,"ValueType":"System.Uri"},"Value":"executor://xunit/VsTestRunner2/netcoreapp"},{"Key":{"Id":"TestCase.Source","Label":"Source","Category":"","Description":"","Attributes":0,"ValueType":"System.String"},"Value":"D:\\Projects\\LMPS\\Operation\\ONCF\\Pipelines\\Gitlab\\dotnetCore\\ThemeParkCore\\ThemePark.Tests\\bin\\Debug\\netcoreapp3.1\\fine-code-coverage\\build-output\\ThemePark.Tests.dll"},{"Key":{"Id":"TestCase.CodeFilePath","Label":"File Path","Category":"","Description":"","Attributes":0,"ValueType":"System.String"},"Value":null},{"Key":{"Id":"TestCase.DisplayName","Label":"Name","Category":"","Description":"","Attributes":0,"ValueType":"System.String"},"Value":"ThemePark.Tests.RideControllerTest.GetAllRidess_ShouldReturnAllRides"},{"Key":{"Id":"TestCase.Id","Label":"Id","Category":"","Description":"","Attributes":1,"ValueType":"System.Guid"},"Value":"71d05d23-606e-a1ba-4e2e-7f31576b39e6"},{"Key":{"Id":"TestCase.LineNumber","Label":"Line Number","Category":"","Description":"","Attributes":1,"ValueType":"System.Int32"},"Value":0}]},"Attachments":[],"Messages":[],"Properties":[{"Key":{"Id":"TestResult.Outcome","Label":"Outcome","Category":"","Description":"","Attributes":0,"ValueType":"Microsoft.VisualStudio.TestPlatform.ObjectModel.TestOutcome, Microsoft.VisualStudio.TestPlatform.ObjectModel, Version=15.0.0.0, Culture=neutral, PublicKeyToken=b03f5f7f11d50a3a"},"Value":1},{"Key":{"Id":"TestResult.ErrorMessage","Label":"Error Message","Category":"","Description":"","Attributes":0,"ValueType":"System.String"},"Value":null},{"Key":{"Id":"TestResult.ErrorStackTrace","Label":"Error Stack Trace","Category":"","Description":"","Attributes":0,"ValueType":"System.String"},"Value":null},{"Key":{"Id":"TestResult.DisplayName","Label":"TestResult Display Name","Category":"","Description":"","Attributes":1,"ValueType":"System.String"},"Value":"ThemePark.Tests.RideControllerTest.GetAllRidess_ShouldReturnAllRides"},{"Key":{"Id":"TestResult.ComputerName","Label":"Computer Name","Category":"","Description":"","Attributes":0,"ValueType":"System.String"},"Value":"DESKTOP-F673AQC"},{"Key":{"Id":"TestResult.Duration","Label":"Duration","Category":"","Description":"","Attributes":0,"ValueType":"System.TimeSpan"},"Value":"00:00:00.0038959"},{"Key":{"Id":"TestResult.StartTime","Label":"Start Time","Category":"","Description":"","Attributes":0,"ValueType":"System.DateTimeOffset"},"Value":"2021-03-05T07:54:39.1089316+00:00"},{"Key":{"Id":"TestResult.EndTime","Label":"End Time","Category":"","Description":"","Attributes":0,"ValueType":"System.DateTimeOffset"},"Value":"2021-03-05T07:54:39.1089328+00:00"}]}],"TestRunStatistics":{"ExecutedTests":3,"Stats":{"Passed":3}},"ActiveTests":[]},"RunAttachments":[],"ExecutorUris":["executor://xunit/VsTestRunner2/netcoreapp"]}}
TpTrace Verbose: 0 : 18188, 14, 2021/03/05, 08:54:39.161, 26084644122, vstest.console.dll, TestRequestSender.EndSession: Sending end session.
TpTrace Verbose: 0 : 18188, 14, 2021/03/05, 08:54:39.162, 26084646242, vstest.console.dll, ProxyOperationManager.Close: waiting for test host to exit for 100 ms
TpTrace Warning: 0 : 18188, 12, 2021/03/05, 08:54:39.208, 26085113037, vstest.console.dll, TestHostManagerCallbacks.ErrorReceivedCallback Test host standard error line: 
TpTrace Verbose: 0 : 18188, 7, 2021/03/05, 08:54:39.224, 26085269755, vstest.console.dll, TestHostProvider.ExitCallBack: Host exited starting callback.
TpTrace Information: 0 : 18188, 7, 2021/03/05, 08:54:39.225, 26085278156, vstest.console.dll, TestHostManagerCallbacks.ExitCallBack: Testhost processId: 2340 exited with exitcode: 0 error: ''
TpTrace Verbose: 0 : 18188, 7, 2021/03/05, 08:54:39.225, 26085280086, vstest.console.dll, DotnetTestHostManager.OnHostExited: invoking OnHostExited callback
TpTrace Verbose: 0 : 18188, 7, 2021/03/05, 08:54:39.225, 26085281856, vstest.console.dll, CrossPlatEngine.TestHostManagerHostExited: calling on client process exit callback.
TpTrace Information: 0 : 18188, 7, 2021/03/05, 08:54:39.225, 26085283493, vstest.console.dll, TestRequestSender.OnClientProcessExit: Test host process exited. Standard error: 
TpTrace Warning: 0 : 18188, 14, 2021/03/05, 08:54:39.225, 26085283645, vstest.console.dll, ProxyOperationManager: Timed out waiting for test host to exit. Will terminate process.
TpTrace Information: 0 : 18188, 7, 2021/03/05, 08:54:39.225, 26085285495, vstest.console.dll, SocketServer.Stop: Stop server endPoint: 127.0.0.1:51427
TpTrace Information: 0 : 18188, 7, 2021/03/05, 08:54:39.226, 26085290322, vstest.console.dll, SocketServer.Stop: Cancellation requested. Stopping message loop.
TpTrace Verbose: 0 : 18188, 14, 2021/03/05, 08:54:39.227, 26085298023, vstest.console.dll, ProxyDataCollectionManager.InvokeDataCollectionServiceAction: Starting.
TpTrace Information: 0 : 18188, 14, 2021/03/05, 08:54:39.227, 26085299351, vstest.console.dll, ProxyDataCollectionManager.AfterTestRunEnd: Get attachment set for datacollector processId: 5656 port: 51424
TpTrace Verbose: 0 : 18188, 14, 2021/03/05, 08:54:39.227, 26085301125, vstest.console.dll, DataCollectionRequestSender.SendAfterTestRunStartAndGetResult : Send AfterTestRunEnd message with isCancelled: False
TpTrace Verbose: 0 : 18188, 14, 2021/03/05, 08:54:39.229, 26085320202, vstest.console.dll, DataCollectionRequestSender.SendAfterTestRunStartAndGetResult : Received message: (DataCollection.AfterTestRunEndResult) -> []
TpTrace Information: 0 : 18188, 14, 2021/03/05, 08:54:39.231, 26085343194, vstest.console.dll, ProxyDataCollectionManager.InvokeDataCollectionServiceAction: Completed.
TpTrace Warning: 0 : 18188, 9, 2021/03/05, 08:54:39.237, 26085398797, vstest.console.dll, DataCollectionLauncher.ErrorReceivedCallback datacollector standard error line: 
TpTrace Information: 0 : 18188, 7, 2021/03/05, 08:54:39.243, 26085462805, vstest.console.dll, DataCollectionLauncher.ExitCallBack: Data collector exited with exitcode: 0 error: ''
TpTrace Verbose: 0 : 18188, 14, 2021/03/05, 08:54:39.275, 26085781622, vstest.console.dll, TestRunRequest:SendTestRunStatsChange: Starting.
TpTrace Information: 0 : 18188, 14, 2021/03/05, 08:54:39.275, 26085784621, vstest.console.dll, TestRunRequest:SendTestRunStatsChange: Completed.
TpTrace Verbose: 0 : 18188, 14, 2021/03/05, 08:54:39.276, 26085786899, vstest.console.dll, ParallelProxyExecutionManager: HandlePartialRunComplete: Total completed clients = 1, Run complete = True, Run canceled: False.
TpTrace Verbose: 0 : 18188, 14, 2021/03/05, 08:54:39.288, 26085912513, vstest.console.dll, TestRunRequest:TestRunComplete: Starting. IsAborted:False IsCanceled:False.
TpTrace Verbose: 0 : 18188, 14, 2021/03/05, 08:54:39.288, 26085915419, vstest.console.dll, TestLoggerManager.HandleTestRunComplete: Ignoring as the object is disposed.
TpTrace Information: 0 : 18188, 14, 2021/03/05, 08:54:39.289, 26085918238, vstest.console.dll, TestRunRequest:TestRunComplete: Completed.
TpTrace Verbose: 0 : 18188, 1, 2021/03/05, 08:54:39.289, 26085919278, vstest.console.dll, TestRunRequest.Dispose: Starting.
TpTrace Information: 0 : 18188, 1, 2021/03/05, 08:54:39.289, 26085920744, vstest.console.dll, TestRunRequest.Dispose: Completed.
TpTrace Information: 0 : 18188, 1, 2021/03/05, 08:54:39.289, 26085921877, vstest.console.dll, TestRequestManager.RunTests: run tests completed.
TpTrace Verbose: 0 : 18188, 14, 2021/03/05, 08:54:39.289, 26085919544, vstest.console.dll, TestRequestSender.SetOperationComplete: Setting operation complete.
TpTrace Information: 0 : 18188, 14, 2021/03/05, 08:54:39.289, 26085924673, vstest.console.dll, SocketServer.Stop: Stop server endPoint: 127.0.0.1:51427
TpTrace Information: 0 : 18188, 14, 2021/03/05, 08:54:39.289, 26085925968, vstest.console.dll, SocketServer.Stop: Cancellation requested. Stopping message loop.
TpTrace Information: 0 : 18188, 14, 2021/03/05, 08:54:39.290, 26085927323, vstest.console.dll, SocketServer.PrivateStop: Stop server endPoint: 127.0.0.1:51427 error: 
TpTrace Information: 0 : 18188, 1, 2021/03/05, 08:54:39.289, 26085923249, vstest.console.dll, RunTestsArgumentProcessor:Execute: Test run is completed.
TpTrace Verbose: 0 : 18188, 1, 2021/03/05, 08:54:39.290, 26085930159, vstest.console.dll, Executor.Execute: Exiting with exit code of 0
TpTrace Verbose: 0 : 18188, 14, 2021/03/05, 08:54:39.290, 26085933664, vstest.console.dll, LengthPrefixCommunicationChannel.Dispose: Dispose reader and writer.
TpTrace Information: 0 : 18188, 14, 2021/03/05, 08:54:39.290, 26085935955, vstest.console.dll, SocketServer.Stop: Raise disconnected event endPoint: 127.0.0.1:51427 error: 
TpTrace Verbose: 0 : 18188, 14, 2021/03/05, 08:54:39.296, 26085994914, vstest.console.dll, TestRequestSender: OnTestRunAbort: Operation is already complete. Skip error message.
TpTrace Verbose: 0 : 18188, 14, 2021/03/05, 08:54:39.297, 26085996348, vstest.console.dll, TcpClientExtensions.MessageLoopAsync: exiting MessageLoopAsync remoteEndPoint: 127.0.0.1:51429 localEndPoint: 127.0.0.1:51427
